{"C:\\Users\\HP\\Desktop\\stripe-integration-package\\src\\checkout.ts": {"path":"C:\\Users\\HP\\Desktop\\stripe-integration-package\\src\\checkout.ts","statementMap":{"0":{"start":{"line":1,"column":0},"end":{"line":1,"column":28}},"1":{"start":{"line":3,"column":0},"end":{"line":3,"column":50}},"2":{"start":{"line":9,"column":4},"end":{"line":11,"column":5}},"3":{"start":{"line":10,"column":6},"end":{"line":10,"column":68}},"4":{"start":{"line":12,"column":4},"end":{"line":14,"column":3}},"5":{"start":{"line":19,"column":4},"end":{"line":86,"column":5}},"6":{"start":{"line":20,"column":19},"end":{"line":20,"column":43}},"7":{"start":{"line":23,"column":6},"end":{"line":25,"column":7}},"8":{"start":{"line":24,"column":8},"end":{"line":24,"column":82}},"9":{"start":{"line":28,"column":6},"end":{"line":59,"column":7}},"10":{"start":{"line":29,"column":8},"end":{"line":33,"column":9}},"11":{"start":{"line":30,"column":10},"end":{"line":32,"column":12}},"12":{"start":{"line":34,"column":8},"end":{"line":38,"column":9}},"13":{"start":{"line":35,"column":10},"end":{"line":37,"column":12}},"14":{"start":{"line":40,"column":24},"end":{"line":56,"column":10}},"15":{"start":{"line":58,"column":8},"end":{"line":58,"column":66}},"16":{"start":{"line":62,"column":6},"end":{"line":77,"column":7}},"17":{"start":{"line":63,"column":8},"end":{"line":65,"column":9}},"18":{"start":{"line":64,"column":10},"end":{"line":64,"column":85}},"19":{"start":{"line":67,"column":24},"end":{"line":74,"column":10}},"20":{"start":{"line":76,"column":8},"end":{"line":76,"column":66}},"21":{"start":{"line":80,"column":6},"end":{"line":80,"column":67}},"22":{"start":{"line":83,"column":6},"end":{"line":85,"column":8}},"23":{"start":{"line":5,"column":0},"end":{"line":5,"column":13}}},"fnMap":{"0":{"name":"(anonymous_1)","decl":{"start":{"line":8,"column":2},"end":{"line":8,"column":14}},"loc":{"start":{"line":8,"column":31},"end":{"line":16,"column":3}}},"1":{"name":"(anonymous_2)","decl":{"start":{"line":18,"column":2},"end":{"line":18,"column":7}},"loc":{"start":{"line":18,"column":49},"end":{"line":87,"column":3}}}},"branchMap":{"0":{"loc":{"start":{"line":9,"column":4},"end":{"line":11,"column":5}},"type":"if","locations":[{"start":{"line":9,"column":4},"end":{"line":11,"column":5}},{"start":{},"end":{}}]},"1":{"loc":{"start":{"line":20,"column":19},"end":{"line":20,"column":43}},"type":"binary-expr","locations":[{"start":{"line":20,"column":19},"end":{"line":20,"column":30}},{"start":{"line":20,"column":34},"end":{"line":20,"column":43}}]},"2":{"loc":{"start":{"line":23,"column":6},"end":{"line":25,"column":7}},"type":"if","locations":[{"start":{"line":23,"column":6},"end":{"line":25,"column":7}},{"start":{},"end":{}}]},"3":{"loc":{"start":{"line":23,"column":10},"end":{"line":23,"column":49}},"type":"binary-expr","locations":[{"start":{"line":23,"column":10},"end":{"line":23,"column":28}},{"start":{"line":23,"column":32},"end":{"line":23,"column":49}}]},"4":{"loc":{"start":{"line":28,"column":6},"end":{"line":59,"column":7}},"type":"if","locations":[{"start":{"line":28,"column":6},"end":{"line":59,"column":7}},{"start":{},"end":{}}]},"5":{"loc":{"start":{"line":29,"column":8},"end":{"line":33,"column":9}},"type":"if","locations":[{"start":{"line":29,"column":8},"end":{"line":33,"column":9}},{"start":{},"end":{}}]},"6":{"loc":{"start":{"line":29,"column":12},"end":{"line":29,"column":67}},"type":"binary-expr","locations":[{"start":{"line":29,"column":12},"end":{"line":29,"column":45}},{"start":{"line":29,"column":49},"end":{"line":29,"column":67}}]},"7":{"loc":{"start":{"line":34,"column":8},"end":{"line":38,"column":9}},"type":"if","locations":[{"start":{"line":34,"column":8},"end":{"line":38,"column":9}},{"start":{},"end":{}}]},"8":{"loc":{"start":{"line":46,"column":38},"end":{"line":46,"column":69}},"type":"binary-expr","locations":[{"start":{"line":46,"column":38},"end":{"line":46,"column":56}},{"start":{"line":46,"column":60},"end":{"line":46,"column":69}}]},"9":{"loc":{"start":{"line":62,"column":6},"end":{"line":77,"column":7}},"type":"if","locations":[{"start":{"line":62,"column":6},"end":{"line":77,"column":7}},{"start":{},"end":{}}]},"10":{"loc":{"start":{"line":63,"column":8},"end":{"line":65,"column":9}},"type":"if","locations":[{"start":{"line":63,"column":8},"end":{"line":65,"column":9}},{"start":{},"end":{}}]},"11":{"loc":{"start":{"line":84,"column":8},"end":{"line":84,"column":71}},"type":"cond-expr","locations":[{"start":{"line":84,"column":31},"end":{"line":84,"column":42}},{"start":{"line":84,"column":45},"end":{"line":84,"column":71}}]}},"s":{"0":1,"1":1,"2":10,"3":1,"4":9,"5":8,"6":8,"7":8,"8":1,"9":7,"10":4,"11":1,"12":3,"13":1,"14":2,"15":1,"16":3,"17":2,"18":1,"19":1,"20":1,"21":1,"22":6,"23":1},"f":{"0":10,"1":8},"b":{"0":[1,9],"1":[8,5],"2":[1,7],"3":[8,7],"4":[4,3],"5":[1,3],"6":[4,4],"7":[1,2],"8":[2,2],"9":[2,1],"10":[1,1],"11":[6,0]}}
,"C:\\Users\\HP\\Desktop\\stripe-integration-package\\src\\errors.ts": {"path":"C:\\Users\\HP\\Desktop\\stripe-integration-package\\src\\errors.ts","statementMap":{"0":{"start":{"line":4,"column":4},"end":{"line":4,"column":19}},"1":{"start":{"line":5,"column":4},"end":{"line":5,"column":41}},"2":{"start":{"line":6,"column":4},"end":{"line":6,"column":21}},"3":{"start":{"line":1,"column":0},"end":{"line":1,"column":13}}},"fnMap":{"0":{"name":"(anonymous_0)","decl":{"start":{"line":3,"column":2},"end":{"line":3,"column":14}},"loc":{"start":{"line":3,"column":44},"end":{"line":7,"column":3}}}},"branchMap":{},"s":{"0":18,"1":18,"2":18,"3":3},"f":{"0":18},"b":{}}
,"C:\\Users\\HP\\Desktop\\stripe-integration-package\\src\\revenue.ts": {"path":"C:\\Users\\HP\\Desktop\\stripe-integration-package\\src\\revenue.ts","statementMap":{"0":{"start":{"line":1,"column":0},"end":{"line":1,"column":28}},"1":{"start":{"line":2,"column":0},"end":{"line":2,"column":50}},"2":{"start":{"line":8,"column":4},"end":{"line":10,"column":5}},"3":{"start":{"line":9,"column":6},"end":{"line":9,"column":68}},"4":{"start":{"line":11,"column":4},"end":{"line":11,"column":75}},"5":{"start":{"line":16,"column":44},"end":{"line":16,"column":58}},"6":{"start":{"line":18,"column":4},"end":{"line":22,"column":5}},"7":{"start":{"line":19,"column":6},"end":{"line":19,"column":26}},"8":{"start":{"line":20,"column":6},"end":{"line":20,"column":91}},"9":{"start":{"line":20,"column":21},"end":{"line":20,"column":91}},"10":{"start":{"line":21,"column":6},"end":{"line":21,"column":87}},"11":{"start":{"line":21,"column":19},"end":{"line":21,"column":87}},"12":{"start":{"line":24,"column":20},"end":{"line":24,"column":58}},"13":{"start":{"line":25,"column":18},"end":{"line":25,"column":75}},"14":{"start":{"line":25,"column":50},"end":{"line":25,"column":71}},"15":{"start":{"line":27,"column":4},"end":{"line":31,"column":6}},"16":{"start":{"line":40,"column":44},"end":{"line":40,"column":58}},"17":{"start":{"line":42,"column":4},"end":{"line":46,"column":5}},"18":{"start":{"line":43,"column":6},"end":{"line":43,"column":26}},"19":{"start":{"line":44,"column":6},"end":{"line":44,"column":91}},"20":{"start":{"line":44,"column":21},"end":{"line":44,"column":91}},"21":{"start":{"line":45,"column":6},"end":{"line":45,"column":87}},"22":{"start":{"line":45,"column":19},"end":{"line":45,"column":87}},"23":{"start":{"line":48,"column":20},"end":{"line":48,"column":58}},"24":{"start":{"line":49,"column":21},"end":{"line":49,"column":88}},"25":{"start":{"line":49,"column":48},"end":{"line":49,"column":87}},"26":{"start":{"line":50,"column":18},"end":{"line":50,"column":71}},"27":{"start":{"line":50,"column":46},"end":{"line":50,"column":67}},"28":{"start":{"line":52,"column":4},"end":{"line":56,"column":6}},"29":{"start":{"line":61,"column":4},"end":{"line":63,"column":5}},"30":{"start":{"line":62,"column":6},"end":{"line":62,"column":80}},"31":{"start":{"line":64,"column":4},"end":{"line":64,"column":75}},"32":{"start":{"line":69,"column":4},"end":{"line":71,"column":5}},"33":{"start":{"line":70,"column":6},"end":{"line":70,"column":71}},"34":{"start":{"line":72,"column":4},"end":{"line":72,"column":54}},"35":{"start":{"line":4,"column":0},"end":{"line":4,"column":13}}},"fnMap":{"0":{"name":"(anonymous_1)","decl":{"start":{"line":7,"column":2},"end":{"line":7,"column":14}},"loc":{"start":{"line":7,"column":66},"end":{"line":12,"column":3}}},"1":{"name":"(anonymous_2)","decl":{"start":{"line":15,"column":2},"end":{"line":15,"column":7}},"loc":{"start":{"line":15,"column":93},"end":{"line":32,"column":3}}},"2":{"name":"(anonymous_3)","decl":{"start":{"line":25,"column":38},"end":{"line":25,"column":39}},"loc":{"start":{"line":25,"column":50},"end":{"line":25,"column":71}}},"3":{"name":"(anonymous_4)","decl":{"start":{"line":35,"column":2},"end":{"line":35,"column":7}},"loc":{"start":{"line":38,"column":73},"end":{"line":57,"column":3}}},"4":{"name":"(anonymous_5)","decl":{"start":{"line":49,"column":41},"end":{"line":49,"column":42}},"loc":{"start":{"line":49,"column":48},"end":{"line":49,"column":87}}},"5":{"name":"(anonymous_6)","decl":{"start":{"line":50,"column":34},"end":{"line":50,"column":35}},"loc":{"start":{"line":50,"column":46},"end":{"line":50,"column":67}}},"6":{"name":"(anonymous_7)","decl":{"start":{"line":60,"column":2},"end":{"line":60,"column":7}},"loc":{"start":{"line":60,"column":45},"end":{"line":65,"column":3}}},"7":{"name":"(anonymous_8)","decl":{"start":{"line":68,"column":2},"end":{"line":68,"column":7}},"loc":{"start":{"line":68,"column":31},"end":{"line":73,"column":3}}}},"branchMap":{"0":{"loc":{"start":{"line":7,"column":33},"end":{"line":7,"column":66}},"type":"default-arg","locations":[{"start":{"line":7,"column":54},"end":{"line":7,"column":66}}]},"1":{"loc":{"start":{"line":8,"column":4},"end":{"line":10,"column":5}},"type":"if","locations":[{"start":{"line":8,"column":4},"end":{"line":10,"column":5}},{"start":{},"end":{}}]},"2":{"loc":{"start":{"line":18,"column":4},"end":{"line":22,"column":5}},"type":"if","locations":[{"start":{"line":18,"column":4},"end":{"line":22,"column":5}},{"start":{},"end":{}}]},"3":{"loc":{"start":{"line":18,"column":8},"end":{"line":18,"column":30}},"type":"binary-expr","locations":[{"start":{"line":18,"column":8},"end":{"line":18,"column":18}},{"start":{"line":18,"column":22},"end":{"line":18,"column":30}}]},"4":{"loc":{"start":{"line":20,"column":6},"end":{"line":20,"column":91}},"type":"if","locations":[{"start":{"line":20,"column":6},"end":{"line":20,"column":91}},{"start":{},"end":{}}]},"5":{"loc":{"start":{"line":21,"column":6},"end":{"line":21,"column":87}},"type":"if","locations":[{"start":{"line":21,"column":6},"end":{"line":21,"column":87}},{"start":{},"end":{}}]},"6":{"loc":{"start":{"line":25,"column":57},"end":{"line":25,"column":70}},"type":"binary-expr","locations":[{"start":{"line":25,"column":57},"end":{"line":25,"column":65}},{"start":{"line":25,"column":69},"end":{"line":25,"column":70}}]},"7":{"loc":{"start":{"line":29,"column":16},"end":{"line":29,"column":50}},"type":"binary-expr","locations":[{"start":{"line":29,"column":16},"end":{"line":29,"column":41}},{"start":{"line":29,"column":45},"end":{"line":29,"column":50}}]},"8":{"loc":{"start":{"line":42,"column":4},"end":{"line":46,"column":5}},"type":"if","locations":[{"start":{"line":42,"column":4},"end":{"line":46,"column":5}},{"start":{},"end":{}}]},"9":{"loc":{"start":{"line":42,"column":8},"end":{"line":42,"column":30}},"type":"binary-expr","locations":[{"start":{"line":42,"column":8},"end":{"line":42,"column":18}},{"start":{"line":42,"column":22},"end":{"line":42,"column":30}}]},"10":{"loc":{"start":{"line":44,"column":6},"end":{"line":44,"column":91}},"type":"if","locations":[{"start":{"line":44,"column":6},"end":{"line":44,"column":91}},{"start":{},"end":{}}]},"11":{"loc":{"start":{"line":45,"column":6},"end":{"line":45,"column":87}},"type":"if","locations":[{"start":{"line":45,"column":6},"end":{"line":45,"column":87}},{"start":{},"end":{}}]},"12":{"loc":{"start":{"line":49,"column":48},"end":{"line":49,"column":87}},"type":"binary-expr","locations":[{"start":{"line":49,"column":48},"end":{"line":49,"column":58}},{"start":{"line":49,"column":62},"end":{"line":49,"column":87}}]},"13":{"loc":{"start":{"line":50,"column":53},"end":{"line":50,"column":66}},"type":"binary-expr","locations":[{"start":{"line":50,"column":53},"end":{"line":50,"column":61}},{"start":{"line":50,"column":65},"end":{"line":50,"column":66}}]},"14":{"loc":{"start":{"line":54,"column":16},"end":{"line":54,"column":46}},"type":"binary-expr","locations":[{"start":{"line":54,"column":16},"end":{"line":54,"column":37}},{"start":{"line":54,"column":41},"end":{"line":54,"column":46}}]},"15":{"loc":{"start":{"line":61,"column":4},"end":{"line":63,"column":5}},"type":"if","locations":[{"start":{"line":61,"column":4},"end":{"line":63,"column":5}},{"start":{},"end":{}}]},"16":{"loc":{"start":{"line":68,"column":21},"end":{"line":68,"column":31}},"type":"default-arg","locations":[{"start":{"line":68,"column":29},"end":{"line":68,"column":31}}]},"17":{"loc":{"start":{"line":69,"column":4},"end":{"line":71,"column":5}},"type":"if","locations":[{"start":{"line":69,"column":4},"end":{"line":71,"column":5}},{"start":{},"end":{}}]}},"s":{"0":1,"1":1,"2":11,"3":1,"4":10,"5":2,"6":2,"7":1,"8":1,"9":1,"10":1,"11":1,"12":2,"13":2,"14":6,"15":2,"16":3,"17":3,"18":1,"19":1,"20":1,"21":1,"22":0,"23":3,"24":3,"25":9,"26":3,"27":4,"28":3,"29":2,"30":1,"31":1,"32":2,"33":1,"34":1,"35":1},"f":{"0":11,"1":2,"2":6,"3":3,"4":9,"5":4,"6":2,"7":2},"b":{"0":[11],"1":[1,10],"2":[1,1],"3":[2,1],"4":[1,0],"5":[1,0],"6":[6,0],"7":[2,0],"8":[1,2],"9":[3,2],"10":[1,0],"11":[0,1],"12":[9,9],"13":[4,0],"14":[3,1],"15":[1,1],"16":[0],"17":[1,1]}}
,"C:\\Users\\HP\\Desktop\\stripe-integration-package\\src\\webhook.ts": {"path":"C:\\Users\\HP\\Desktop\\stripe-integration-package\\src\\webhook.ts","statementMap":{"0":{"start":{"line":1,"column":0},"end":{"line":1,"column":28}},"1":{"start":{"line":12,"column":4},"end":{"line":12,"column":56}},"2":{"start":{"line":13,"column":4},"end":{"line":13,"column":41}},"3":{"start":{"line":22,"column":18},"end":{"line":22,"column":94}},"4":{"start":{"line":23,"column":4},"end":{"line":25,"column":5}},"5":{"start":{"line":24,"column":6},"end":{"line":24,"column":53}},"6":{"start":{"line":26,"column":4},"end":{"line":26,"column":17}},"7":{"start":{"line":33,"column":4},"end":{"line":47,"column":6}},"8":{"start":{"line":34,"column":6},"end":{"line":46,"column":7}},"9":{"start":{"line":35,"column":32},"end":{"line":35,"column":40}},"10":{"start":{"line":36,"column":20},"end":{"line":36,"column":61}},"11":{"start":{"line":38,"column":22},"end":{"line":38,"column":92}},"12":{"start":{"line":39,"column":8},"end":{"line":41,"column":9}},"13":{"start":{"line":40,"column":10},"end":{"line":40,"column":57}},"14":{"start":{"line":43,"column":8},"end":{"line":43,"column":49}},"15":{"start":{"line":45,"column":8},"end":{"line":45,"column":62}},"16":{"start":{"line":3,"column":0},"end":{"line":3,"column":13}}},"fnMap":{"0":{"name":"(anonymous_1)","decl":{"start":{"line":7,"column":2},"end":{"line":7,"column":null}},"loc":{"start":{"line":10,"column":60},"end":{"line":14,"column":3}}},"1":{"name":"(anonymous_2)","decl":{"start":{"line":17,"column":2},"end":{"line":17,"column":7}},"loc":{"start":{"line":20,"column":69},"end":{"line":27,"column":3}}},"2":{"name":"(anonymous_3)","decl":{"start":{"line":30,"column":2},"end":{"line":30,"column":19}},"loc":{"start":{"line":31,"column":69},"end":{"line":48,"column":3}}},"3":{"name":"(anonymous_4)","decl":{"start":{"line":33,"column":11},"end":{"line":33,"column":16}},"loc":{"start":{"line":33,"column":51},"end":{"line":47,"column":5}}}},"branchMap":{"0":{"loc":{"start":{"line":10,"column":4},"end":{"line":10,"column":60}},"type":"default-arg","locations":[{"start":{"line":10,"column":42},"end":{"line":10,"column":60}}]},"1":{"loc":{"start":{"line":23,"column":4},"end":{"line":25,"column":5}},"type":"if","locations":[{"start":{"line":23,"column":4},"end":{"line":25,"column":5}},{"start":{},"end":{}}]},"2":{"loc":{"start":{"line":39,"column":8},"end":{"line":41,"column":9}},"type":"if","locations":[{"start":{"line":39,"column":8},"end":{"line":41,"column":9}},{"start":{},"end":{}}]}},"s":{"0":1,"1":4,"2":4,"3":2,"4":2,"5":1,"6":2,"7":2,"8":2,"9":2,"10":2,"11":2,"12":1,"13":1,"14":1,"15":1,"16":1},"f":{"0":4,"1":2,"2":2,"3":2},"b":{"0":[4],"1":[1,1],"2":[1,0]}}
}
