TN:
SF:src\checkout.ts
FN:8,(anonymous_1)
FN:18,(anonymous_2)
FNF:2
FNH:2
FNDA:10,(anonymous_1)
FNDA:8,(anonymous_2)
DA:1,1
DA:3,1
DA:5,1
DA:9,10
DA:10,1
DA:12,9
DA:19,8
DA:20,8
DA:23,8
DA:24,1
DA:28,7
DA:29,4
DA:30,1
DA:34,3
DA:35,1
DA:40,2
DA:58,1
DA:62,3
DA:63,2
DA:64,1
DA:67,1
DA:76,1
DA:80,1
DA:83,6
LF:24
LH:24
BRDA:9,0,0,1
BRDA:9,0,1,9
BRDA:20,1,0,8
BRDA:20,1,1,5
BRDA:23,2,0,1
BRDA:23,2,1,7
BRDA:23,3,0,8
BRDA:23,3,1,7
BRDA:28,4,0,4
BRDA:28,4,1,3
BRDA:29,5,0,1
BRDA:29,5,1,3
BRDA:29,6,0,4
BRDA:29,6,1,4
BRDA:34,7,0,1
BRDA:34,7,1,2
BRDA:46,8,0,2
BRDA:46,8,1,2
BRDA:62,9,0,2
BRDA:62,9,1,1
BRDA:63,10,0,1
BRDA:63,10,1,1
BRDA:84,11,0,6
BRDA:84,11,1,0
BRF:24
BRH:23
end_of_record
TN:
SF:src\errors.ts
FN:3,(anonymous_0)
FNF:1
FNH:1
FNDA:18,(anonymous_0)
DA:1,3
DA:4,18
DA:5,18
DA:6,18
LF:4
LH:4
BRF:0
BRH:0
end_of_record
TN:
SF:src\revenue.ts
FN:7,(anonymous_1)
FN:15,(anonymous_2)
FN:25,(anonymous_3)
FN:35,(anonymous_4)
FN:49,(anonymous_5)
FN:50,(anonymous_6)
FN:60,(anonymous_7)
FN:68,(anonymous_8)
FNF:8
FNH:8
FNDA:11,(anonymous_1)
FNDA:2,(anonymous_2)
FNDA:6,(anonymous_3)
FNDA:3,(anonymous_4)
FNDA:9,(anonymous_5)
FNDA:4,(anonymous_6)
FNDA:2,(anonymous_7)
FNDA:2,(anonymous_8)
DA:1,1
DA:2,1
DA:4,1
DA:8,11
DA:9,1
DA:11,10
DA:16,2
DA:18,2
DA:19,1
DA:20,1
DA:21,1
DA:24,2
DA:25,6
DA:27,2
DA:40,3
DA:42,3
DA:43,1
DA:44,1
DA:45,1
DA:48,3
DA:49,9
DA:50,4
DA:52,3
DA:61,2
DA:62,1
DA:64,1
DA:69,2
DA:70,1
DA:72,1
LF:29
LH:29
BRDA:7,0,0,11
BRDA:8,1,0,1
BRDA:8,1,1,10
BRDA:18,2,0,1
BRDA:18,2,1,1
BRDA:18,3,0,2
BRDA:18,3,1,1
BRDA:20,4,0,1
BRDA:20,4,1,0
BRDA:21,5,0,1
BRDA:21,5,1,0
BRDA:25,6,0,6
BRDA:25,6,1,0
BRDA:29,7,0,2
BRDA:29,7,1,0
BRDA:42,8,0,1
BRDA:42,8,1,2
BRDA:42,9,0,3
BRDA:42,9,1,2
BRDA:44,10,0,1
BRDA:44,10,1,0
BRDA:45,11,0,0
BRDA:45,11,1,1
BRDA:49,12,0,9
BRDA:49,12,1,9
BRDA:50,13,0,4
BRDA:50,13,1,0
BRDA:54,14,0,3
BRDA:54,14,1,1
BRDA:61,15,0,1
BRDA:61,15,1,1
BRDA:68,16,0,0
BRDA:69,17,0,1
BRDA:69,17,1,1
BRF:34
BRH:26
end_of_record
TN:
SF:src\webhook.ts
FN:7,(anonymous_1)
FN:17,(anonymous_2)
FN:30,(anonymous_3)
FN:33,(anonymous_4)
FNF:4
FNH:4
FNDA:4,(anonymous_1)
FNDA:2,(anonymous_2)
FNDA:2,(anonymous_3)
FNDA:2,(anonymous_4)
DA:1,1
DA:3,1
DA:12,4
DA:13,4
DA:22,2
DA:23,2
DA:24,1
DA:26,2
DA:33,2
DA:34,2
DA:35,2
DA:36,2
DA:38,2
DA:39,1
DA:40,1
DA:43,1
DA:45,1
LF:17
LH:17
BRDA:10,0,0,4
BRDA:23,1,0,1
BRDA:23,1,1,1
BRDA:39,2,0,1
BRDA:39,2,1,0
BRF:5
BRH:4
end_of_record
